2020-05-05 13:16:43,123 INFO werkzeug MainThread :  * Running on http://localhost:5000/ (Press CTRL+C to quit) datefmt=
2020-05-05 13:16:43,124 INFO werkzeug MainThread :  * Restarting with stat datefmt=
2020-05-05 13:16:43,449 WARNING werkzeug MainThread :  * Debugger is active! datefmt=
2020-05-05 13:16:43,464 INFO werkzeug MainThread :  * Debugger PIN: 238-023-124 datefmt=
2020-05-05 14:07:05,686 INFO werkzeug MainThread :  * Detected change in '/Users/ivanljubicicdeveloper/Documents/Workspace/squadradar-api/app.py', reloading datefmt=
2020-05-05 14:07:05,741 INFO werkzeug MainThread :  * Restarting with stat datefmt=
2020-05-05 14:10:49,350 INFO werkzeug MainThread :  * Running on http://localhost:5000/ (Press CTRL+C to quit) datefmt=
2020-05-05 14:10:49,351 INFO werkzeug MainThread :  * Restarting with stat datefmt=
2020-05-05 14:10:49,671 WARNING werkzeug MainThread :  * Debugger is active! datefmt=
2020-05-05 14:10:49,685 INFO werkzeug MainThread :  * Debugger PIN: 238-023-124 datefmt=
2020-05-05 14:11:14,131 INFO werkzeug MainThread :  * Detected change in '/Users/ivanljubicicdeveloper/Documents/Workspace/squadradar-api/app.py', reloading datefmt=
2020-05-05 14:11:14,182 INFO werkzeug MainThread :  * Restarting with stat datefmt=
2020-05-05 14:11:14,520 WARNING werkzeug MainThread :  * Debugger is active! datefmt=
2020-05-05 14:11:14,524 INFO werkzeug MainThread :  * Debugger PIN: 238-023-124 datefmt=
2020-05-05 14:14:36,988 INFO werkzeug MainThread :  * Running on http://localhost:5000/ (Press CTRL+C to quit) datefmt=
2020-05-05 14:14:36,988 INFO werkzeug MainThread :  * Restarting with stat datefmt=
2020-05-05 14:14:37,313 WARNING werkzeug MainThread :  * Debugger is active! datefmt=
2020-05-05 14:14:37,318 INFO werkzeug MainThread :  * Debugger PIN: 238-023-124 datefmt=
2020-05-05 14:14:48,381 INFO werkzeug Thread-2 : 127.0.0.1 - - [05/May/2020 14:14:48] "[35m[1mDELETE /api HTTP/1.1[0m" 500 - datefmt=
2020-05-05 14:15:35,260 INFO werkzeug MainThread :  * Detected change in '/Users/ivanljubicicdeveloper/Documents/Workspace/squadradar-api/app.py', reloading datefmt=
2020-05-05 14:15:35,334 INFO werkzeug MainThread :  * Restarting with stat datefmt=
2020-05-05 14:15:35,761 WARNING werkzeug MainThread :  * Debugger is active! datefmt=
2020-05-05 14:15:35,766 INFO werkzeug MainThread :  * Debugger PIN: 238-023-124 datefmt=
2020-05-05 14:15:45,171 INFO werkzeug MainThread :  * Running on http://localhost:5000/ (Press CTRL+C to quit) datefmt=
2020-05-05 14:15:45,171 INFO werkzeug MainThread :  * Restarting with stat datefmt=
2020-05-05 14:15:45,499 WARNING werkzeug MainThread :  * Debugger is active! datefmt=
2020-05-05 14:15:45,503 INFO werkzeug MainThread :  * Debugger PIN: 238-023-124 datefmt=
2020-05-05 14:15:57,199 INFO werkzeug Thread-2 : 127.0.0.1 - - [05/May/2020 14:15:57] "[35m[1mDELETE /api HTTP/1.1[0m" 500 - datefmt=
2020-05-05 14:17:21,137 INFO werkzeug MainThread :  * Detected change in '/Users/ivanljubicicdeveloper/Documents/Workspace/squadradar-api/app.py', reloading datefmt=
2020-05-05 14:17:21,192 INFO werkzeug MainThread :  * Restarting with stat datefmt=
2020-05-05 14:17:21,564 WARNING werkzeug MainThread :  * Debugger is active! datefmt=
2020-05-05 14:17:21,568 INFO werkzeug MainThread :  * Debugger PIN: 238-023-124 datefmt=
2020-05-05 14:17:27,325 INFO werkzeug MainThread :  * Running on http://localhost:5000/ (Press CTRL+C to quit) datefmt=
2020-05-05 14:17:27,326 INFO werkzeug MainThread :  * Restarting with stat datefmt=
2020-05-05 14:17:27,639 WARNING werkzeug MainThread :  * Debugger is active! datefmt=
2020-05-05 14:17:27,643 INFO werkzeug MainThread :  * Debugger PIN: 238-023-124 datefmt=
2020-05-05 14:17:32,528 INFO werkzeug Thread-2 : 127.0.0.1 - - [05/May/2020 14:17:32] "[35m[1mDELETE /api HTTP/1.1[0m" 500 - datefmt=
2020-05-05 14:19:10,411 INFO werkzeug MainThread :  * Detected change in '/Users/ivanljubicicdeveloper/Documents/Workspace/squadradar-api/app.py', reloading datefmt=
2020-05-05 14:19:10,495 INFO werkzeug MainThread :  * Restarting with stat datefmt=
2020-05-05 14:19:10,898 WARNING werkzeug MainThread :  * Debugger is active! datefmt=
2020-05-05 14:19:10,903 INFO werkzeug MainThread :  * Debugger PIN: 238-023-124 datefmt=
2020-05-05 14:20:35,304 INFO werkzeug MainThread :  * Detected change in '/Users/ivanljubicicdeveloper/Documents/Workspace/squadradar-api/app.py', reloading datefmt=
2020-05-05 14:20:35,406 INFO werkzeug MainThread :  * Restarting with stat datefmt=
2020-05-05 14:20:35,820 WARNING werkzeug MainThread :  * Debugger is active! datefmt=
2020-05-05 14:20:35,828 INFO werkzeug MainThread :  * Debugger PIN: 238-023-124 datefmt=
2020-05-05 14:20:41,146 INFO werkzeug MainThread :  * Running on http://localhost:5000/ (Press CTRL+C to quit) datefmt=
2020-05-05 14:20:41,147 INFO werkzeug MainThread :  * Restarting with stat datefmt=
2020-05-05 14:20:41,483 WARNING werkzeug MainThread :  * Debugger is active! datefmt=
2020-05-05 14:20:41,489 INFO werkzeug MainThread :  * Debugger PIN: 238-023-124 datefmt=
2020-05-05 14:20:46,881 INFO werkzeug Thread-2 : 127.0.0.1 - - [05/May/2020 14:20:46] "[35m[1mDELETE /api HTTP/1.1[0m" 500 - datefmt=
2020-05-05 14:22:13,993 INFO werkzeug MainThread :  * Detected change in '/Users/ivanljubicicdeveloper/Documents/Workspace/squadradar-api/app.py', reloading datefmt=
2020-05-05 14:22:14,043 INFO werkzeug MainThread :  * Restarting with stat datefmt=
2020-05-05 14:22:14,411 WARNING werkzeug MainThread :  * Debugger is active! datefmt=
2020-05-05 14:22:14,415 INFO werkzeug MainThread :  * Debugger PIN: 238-023-124 datefmt=
2020-05-05 14:22:33,738 INFO werkzeug MainThread :  * Detected change in '/Users/ivanljubicicdeveloper/Documents/Workspace/squadradar-api/app.py', reloading datefmt=
2020-05-05 14:22:33,789 INFO werkzeug MainThread :  * Restarting with stat datefmt=
2020-05-05 14:22:34,137 WARNING werkzeug MainThread :  * Debugger is active! datefmt=
2020-05-05 14:22:34,141 INFO werkzeug MainThread :  * Debugger PIN: 238-023-124 datefmt=
2020-05-05 14:22:42,635 INFO werkzeug MainThread :  * Running on http://localhost:5000/ (Press CTRL+C to quit) datefmt=
2020-05-05 14:22:42,636 INFO werkzeug MainThread :  * Restarting with stat datefmt=
2020-05-05 14:22:42,961 WARNING werkzeug MainThread :  * Debugger is active! datefmt=
2020-05-05 14:22:42,966 INFO werkzeug MainThread :  * Debugger PIN: 238-023-124 datefmt=
2020-05-05 14:22:48,042 INFO werkzeug Thread-2 : 127.0.0.1 - - [05/May/2020 14:22:48] "[35m[1mDELETE /api HTTP/1.1[0m" 500 - datefmt=
2020-05-05 14:23:32,842 INFO werkzeug MainThread :  * Detected change in '/Users/ivanljubicicdeveloper/Documents/Workspace/squadradar-api/app.py', reloading datefmt=
2020-05-05 14:23:32,915 INFO werkzeug MainThread :  * Restarting with stat datefmt=
2020-05-05 14:23:33,496 WARNING werkzeug MainThread :  * Debugger is active! datefmt=
2020-05-05 14:23:33,501 INFO werkzeug MainThread :  * Debugger PIN: 238-023-124 datefmt=
2020-05-05 14:23:40,863 INFO werkzeug MainThread :  * Running on http://localhost:5000/ (Press CTRL+C to quit) datefmt=
2020-05-05 14:23:40,864 INFO werkzeug MainThread :  * Restarting with stat datefmt=
2020-05-05 14:23:41,190 WARNING werkzeug MainThread :  * Debugger is active! datefmt=
2020-05-05 14:23:41,194 INFO werkzeug MainThread :  * Debugger PIN: 238-023-124 datefmt=
2020-05-05 14:23:46,667 INFO werkzeug Thread-2 : 127.0.0.1 - - [05/May/2020 14:23:46] "[37mDELETE /api HTTP/1.1[0m" 200 - datefmt=
